{"meta": {"version": "7.3.2", "timestamp": "2024-01-27T00:04:39.830295", "branch_coverage": true, "show_contexts": false}, "files": {"snippet_36.py.orig": {"executed_lines": [1, 2], "summary": {"covered_lines": 1, "num_statements": 4, "percent_covered": 25.0, "percent_covered_display": "25", "missing_lines": 3, "excluded_lines": 1, "num_branches": 0, "num_partial_branches": 0, "covered_branches": 0, "missing_branches": 0}, "missing_lines": [3, 4, 5], "excluded_lines": [1], "executed_branches": [], "missing_branches": []}}, "totals": {"covered_lines": 1, "num_statements": 4, "percent_covered": 25.0, "percent_covered_display": "25", "missing_lines": 3, "excluded_lines": 1, "num_branches": 0, "num_partial_branches": 0, "covered_branches": 0, "missing_branches": 0}}