{"meta": {"version": "7.3.2", "timestamp": "2024-01-25T02:15:59.182007", "branch_coverage": true, "show_contexts": false}, "files": {"snippet_452.py.orig": {"executed_lines": [1, 3, 4, 6, 8, 9, 10, 11, 12, 14, 15], "summary": {"covered_lines": 2, "num_statements": 5, "percent_covered": 42.857142857142854, "percent_covered_display": "43", "missing_lines": 3, "excluded_lines": 12, "num_branches": 2, "num_partial_branches": 1, "covered_branches": 1, "missing_branches": 1}, "missing_lines": [16, 17, 18], "excluded_lines": [1, 2, 3, 4, 5, 6, 7, 8, 9, 10, 11, 12], "executed_branches": [[15, 14]], "missing_branches": [[15, -1]]}}, "totals": {"covered_lines": 2, "num_statements": 5, "percent_covered": 42.857142857142854, "percent_covered_display": "43", "missing_lines": 3, "excluded_lines": 12, "num_branches": 2, "num_partial_branches": 1, "covered_branches": 1, "missing_branches": 1}}