{"meta": {"version": "7.3.2", "timestamp": "2024-01-25T02:28:38.546579", "branch_coverage": true, "show_contexts": false}, "files": {"snippet_389.py.orig": {"executed_lines": [1, 3, 4, 5, 6, 7], "summary": {"covered_lines": 1, "num_statements": 3, "percent_covered": 20.0, "percent_covered_display": "20", "missing_lines": 2, "excluded_lines": 6, "num_branches": 2, "num_partial_branches": 2, "covered_branches": 0, "missing_branches": 2}, "missing_lines": [8, 10], "excluded_lines": [1, 2, 3, 4, 5, 6], "executed_branches": [[7, -1]], "missing_branches": [[7, 8], [7, 10]]}}, "totals": {"covered_lines": 1, "num_statements": 3, "percent_covered": 20.0, "percent_covered_display": "20", "missing_lines": 2, "excluded_lines": 6, "num_branches": 2, "num_partial_branches": 2, "covered_branches": 0, "missing_branches": 2}}