{"meta": {"version": "7.3.2", "timestamp": "2024-01-26T21:26:44.456210", "branch_coverage": true, "show_contexts": false}, "files": {"snippet_check.py": {"executed_lines": [1, 3, 4, 5, 6, 7], "summary": {"covered_lines": 1, "num_statements": 1, "percent_covered": 100.0, "percent_covered_display": "100", "missing_lines": 0, "excluded_lines": 6, "num_branches": 0, "num_partial_branches": 0, "covered_branches": 0, "missing_branches": 0}, "missing_lines": [], "excluded_lines": [1, 2, 3, 4, 5, 6], "executed_branches": [], "missing_branches": []}}, "totals": {"covered_lines": 1, "num_statements": 1, "percent_covered": 100.0, "percent_covered_display": "100", "missing_lines": 0, "excluded_lines": 6, "num_branches": 0, "num_partial_branches": 0, "covered_branches": 0, "missing_branches": 0}}