{"meta": {"version": "7.3.2", "timestamp": "2024-01-26T22:24:33.660649", "branch_coverage": true, "show_contexts": false}, "files": {"snippet_416.py.orig": {"executed_lines": [1, 3, 4, 5, 6, 8, 10, 11, 13, 15, 16, 17, 18, 19, 20, 21], "summary": {"covered_lines": 2, "num_statements": 2, "percent_covered": 100.0, "percent_covered_display": "100", "missing_lines": 0, "excluded_lines": 19, "num_branches": 0, "num_partial_branches": 0, "covered_branches": 0, "missing_branches": 0}, "missing_lines": [], "excluded_lines": [1, 2, 3, 4, 5, 6, 7, 8, 9, 10, 11, 12, 13, 14, 15, 16, 17, 18, 19], "executed_branches": [], "missing_branches": []}}, "totals": {"covered_lines": 2, "num_statements": 2, "percent_covered": 100.0, "percent_covered_display": "100", "missing_lines": 0, "excluded_lines": 19, "num_branches": 0, "num_partial_branches": 0, "covered_branches": 0, "missing_branches": 0}}