{"meta": {"version": "7.3.2", "timestamp": "2023-11-29T20:03:41.416539", "branch_coverage": true, "show_contexts": false}, "files": {"snippet_507.py.orig": {"executed_lines": [1, 3, 4, 5, 7, 9, 10, 11, 12, 14, 18, 29, 52, 82, 83, 85, 94, 96, 97, 98], "summary": {"covered_lines": 1, "num_statements": 1, "percent_covered": 100.0, "percent_covered_display": "100", "missing_lines": 0, "excluded_lines": 97, "num_branches": 0, "num_partial_branches": 0, "covered_branches": 0, "missing_branches": 0}, "missing_lines": [], "excluded_lines": [1, 2, 3, 4, 5, 6, 7, 8, 9, 10, 11, 12, 13, 14, 15, 16, 17, 18, 19, 20, 21, 22, 23, 24, 25, 26, 27, 28, 29, 30, 31, 32, 33, 34, 35, 36, 37, 38, 39, 40, 41, 42, 43, 44, 45, 46, 47, 48, 49, 50, 51, 52, 53, 54, 55, 56, 57, 58, 59, 60, 61, 62, 63, 64, 65, 66, 67, 68, 69, 70, 71, 72, 73, 74, 75, 76, 77, 78, 79, 80, 81, 82, 83, 84, 85, 86, 87, 88, 89, 90, 91, 92, 93, 94, 95, 96, 97], "executed_branches": [], "missing_branches": []}}, "totals": {"covered_lines": 1, "num_statements": 1, "percent_covered": 100.0, "percent_covered_display": "100", "missing_lines": 0, "excluded_lines": 97, "num_branches": 0, "num_partial_branches": 0, "covered_branches": 0, "missing_branches": 0}}