{"meta": {"version": "7.3.2", "timestamp": "2024-01-23T23:15:38.891877", "branch_coverage": true, "show_contexts": false}, "files": {"snippet_1332.py.orig": {"executed_lines": [1, 3, 4, 6, 8, 9, 11, 12, 14, 16, 17, 18, 20, 21, 22, 23, 24, 25, 26, 27, 29, 30, 33, 34], "summary": {"covered_lines": 9, "num_statements": 16, "percent_covered": 50.0, "percent_covered_display": "50", "missing_lines": 7, "excluded_lines": 22, "num_branches": 8, "num_partial_branches": 1, "covered_branches": 3, "missing_branches": 5}, "missing_lines": [31, 35, 37, 38, 39, 40, 41], "excluded_lines": [1, 2, 3, 4, 5, 6, 7, 8, 9, 10, 11, 12, 13, 14, 15, 16, 17, 18, 19, 20, 21, 22], "executed_branches": [[30, 29], [30, 33], [34, 33]], "missing_branches": [[34, 37], [38, 37], [38, 40], [40, -1], [40, 41]]}}, "totals": {"covered_lines": 9, "num_statements": 16, "percent_covered": 50.0, "percent_covered_display": "50", "missing_lines": 7, "excluded_lines": 22, "num_branches": 8, "num_partial_branches": 1, "covered_branches": 3, "missing_branches": 5}}