{"meta": {"version": "7.3.2", "timestamp": "2024-01-25T01:44:27.027627", "branch_coverage": true, "show_contexts": false}, "files": {"snippet_check.py": {"executed_lines": [1, 2, 3, 4, 5], "summary": {"covered_lines": 4, "num_statements": 5, "percent_covered": 71.42857142857143, "percent_covered_display": "71", "missing_lines": 1, "excluded_lines": 1, "num_branches": 2, "num_partial_branches": 1, "covered_branches": 1, "missing_branches": 1}, "missing_lines": [6], "excluded_lines": [1], "executed_branches": [[5, -1]], "missing_branches": [[5, 6]]}}, "totals": {"covered_lines": 4, "num_statements": 5, "percent_covered": 71.42857142857143, "percent_covered_display": "71", "missing_lines": 1, "excluded_lines": 1, "num_branches": 2, "num_partial_branches": 1, "covered_branches": 1, "missing_branches": 1}}