{"meta": {"version": "7.3.2", "timestamp": "2024-01-25T03:13:46.977968", "branch_coverage": true, "show_contexts": false}, "files": {"snippet_267.py.orig": {"executed_lines": [1, 2], "summary": {"covered_lines": 1, "num_statements": 2, "percent_covered": 50.0, "percent_covered_display": "50", "missing_lines": 1, "excluded_lines": 1, "num_branches": 2, "num_partial_branches": 1, "covered_branches": 1, "missing_branches": 1}, "missing_lines": [3], "excluded_lines": [1], "executed_branches": [[2, -1]], "missing_branches": [[2, 3]]}}, "totals": {"covered_lines": 1, "num_statements": 2, "percent_covered": 50.0, "percent_covered_display": "50", "missing_lines": 1, "excluded_lines": 1, "num_branches": 2, "num_partial_branches": 1, "covered_branches": 1, "missing_branches": 1}}